c:\users\александр\desktop\gameproject\gameproject\x64\debug\vc143.pdb
c:\users\александр\desktop\gameproject\gameproject\x64\debug\vc143.idb
c:\users\александр\desktop\gameproject\gameproject\x64\debug\players.obj
c:\users\александр\desktop\gameproject\gameproject\x64\debug\playerpacman.obj
c:\users\александр\desktop\gameproject\gameproject\x64\debug\bonuses.obj
c:\users\александр\desktop\gameproject\gameproject\x64\debug\main.obj
c:\users\александр\desktop\gameproject\gameproject\x64\debug\geometrydashmap.obj
c:\users\александр\desktop\gameproject\gameproject\x64\debug\game.obj
c:\users\alexandr\desktop\gameproject\gameproject\x64\debug\vc143.pdb
c:\users\alexandr\desktop\gameproject\gameproject\x64\debug\vc143.idb
c:\users\alexandr\source\repos\gameproject\gameproject\x64\debug\vc143.pdb
c:\users\alexandr\source\repos\gameproject\gameproject\x64\debug\vc143.idb
c:\users\alexandr\source\repos\gameproject\gameproject\x64\debug\main.obj
c:\users\alexandr\source\repos\gameproject\gameproject\x64\debug\game.obj
c:\users\александр\desktop\gameproject\x64\debug\gameproject.exe
c:\users\александр\desktop\gameproject\gameproject\x64\debug\gameproject.ilk
c:\users\александр\desktop\gameproject\x64\debug\gameproject.pdb
c:\users\alexandr\source\repos\gameproject\gameproject\x64\debug\gameproject.ilk
c:\users\alexandr\source\repos\gameproject\x64\debug\gameproject.exe
c:\users\alexandr\source\repos\gameproject\x64\debug\gameproject.pdb
c:\users\alexandr\desktop\visual programming\gameproject\gameproject\x64\debug\bonuses.obj
c:\users\alexandr\desktop\visual programming\gameproject\gameproject\x64\debug\game.obj
c:\users\alexandr\desktop\visual programming\gameproject\gameproject\x64\debug\geometrydashmap.obj
c:\users\alexandr\desktop\visual programming\gameproject\gameproject\x64\debug\main.obj
c:\users\alexandr\desktop\visual programming\gameproject\gameproject\x64\debug\map.obj
c:\users\alexandr\desktop\visual programming\gameproject\gameproject\x64\debug\player.obj
c:\users\alexandr\desktop\visual programming\gameproject\gameproject\x64\debug\playerpacman.obj
c:\users\alexandr\desktop\visual programming\gameproject\gameproject\x64\debug\players.obj
c:\users\alexandr\desktop\visual programming\gameproject\gameproject\x64\debug\gameproject.ilk
c:\users\alexandr\desktop\visual programming\gameproject\gameproject\x64\debug\vc143.idb
c:\users\alexandr\desktop\visual programming\gameproject\gameproject\x64\debug\vc143.pdb
c:\users\alexandr\desktop\visual programming\gameproject\gameproject\x64\debug\gameproject.tlog\cl.command.1.tlog
c:\users\alexandr\desktop\visual programming\gameproject\gameproject\x64\debug\gameproject.tlog\cl.items.tlog
c:\users\alexandr\desktop\visual programming\gameproject\gameproject\x64\debug\gameproject.tlog\cl.read.1.tlog
c:\users\alexandr\desktop\visual programming\gameproject\gameproject\x64\debug\gameproject.tlog\cl.write.1.tlog
c:\users\alexandr\desktop\visual programming\gameproject\gameproject\x64\debug\gameproject.tlog\link.command.1.tlog
c:\users\alexandr\desktop\visual programming\gameproject\gameproject\x64\debug\gameproject.tlog\link.read.1.tlog
c:\users\alexandr\desktop\visual programming\gameproject\gameproject\x64\debug\gameproject.tlog\link.write.1.tlog
